Determining if the Q_WS_WIN exist failed with the following output:
Change Dir: /mnt/shared/qtDemo/build/CMakeFiles/CMakeTmp

Run Build Command:"/usr/bin/make" "cmTC_9c2d7/fast"
/usr/bin/make -f CMakeFiles/cmTC_9c2d7.dir/build.make CMakeFiles/cmTC_9c2d7.dir/build
make[1]: Entering directory '/mnt/shared/qtDemo/build/CMakeFiles/CMakeTmp'
Building CXX object CMakeFiles/cmTC_9c2d7.dir/CheckSymbolExists.cxx.o
/usr/bin/c++    -I/usr/local/Trolltech/Qt-4.8.6/include   -o CMakeFiles/cmTC_9c2d7.dir/CheckSymbolExists.cxx.o -c /mnt/shared/qtDemo/build/CMakeFiles/CMakeTmp/CheckSymbolExists.cxx
/mnt/shared/qtDemo/build/CMakeFiles/CMakeTmp/CheckSymbolExists.cxx: In function ‘int main(int, char**)’:
/mnt/shared/qtDemo/build/CMakeFiles/CMakeTmp/CheckSymbolExists.cxx:8:19: error: ‘Q_WS_WIN’ was not declared in this scope
   return ((int*)(&Q_WS_WIN))[argc];
                   ^
CMakeFiles/cmTC_9c2d7.dir/build.make:65: recipe for target 'CMakeFiles/cmTC_9c2d7.dir/CheckSymbolExists.cxx.o' failed
make[1]: *** [CMakeFiles/cmTC_9c2d7.dir/CheckSymbolExists.cxx.o] Error 1
make[1]: Leaving directory '/mnt/shared/qtDemo/build/CMakeFiles/CMakeTmp'
Makefile:126: recipe for target 'cmTC_9c2d7/fast' failed
make: *** [cmTC_9c2d7/fast] Error 2

File /mnt/shared/qtDemo/build/CMakeFiles/CMakeTmp/CheckSymbolExists.cxx:
/* */
#include <QtCore/qglobal.h>

int main(int argc, char** argv)
{
  (void)argv;
#ifndef Q_WS_WIN
  return ((int*)(&Q_WS_WIN))[argc];
#else
  (void)argc;
  return 0;
#endif
}

Determining if the Q_WS_QWS exist failed with the following output:
Change Dir: /mnt/shared/qtDemo/build/CMakeFiles/CMakeTmp

Run Build Command:"/usr/bin/make" "cmTC_d411d/fast"
/usr/bin/make -f CMakeFiles/cmTC_d411d.dir/build.make CMakeFiles/cmTC_d411d.dir/build
make[1]: Entering directory '/mnt/shared/qtDemo/build/CMakeFiles/CMakeTmp'
Building CXX object CMakeFiles/cmTC_d411d.dir/CheckSymbolExists.cxx.o
/usr/bin/c++    -I/usr/local/Trolltech/Qt-4.8.6/include   -o CMakeFiles/cmTC_d411d.dir/CheckSymbolExists.cxx.o -c /mnt/shared/qtDemo/build/CMakeFiles/CMakeTmp/CheckSymbolExists.cxx
/mnt/shared/qtDemo/build/CMakeFiles/CMakeTmp/CheckSymbolExists.cxx: In function ‘int main(int, char**)’:
/mnt/shared/qtDemo/build/CMakeFiles/CMakeTmp/CheckSymbolExists.cxx:8:19: error: ‘Q_WS_QWS’ was not declared in this scope
   return ((int*)(&Q_WS_QWS))[argc];
                   ^
CMakeFiles/cmTC_d411d.dir/build.make:65: recipe for target 'CMakeFiles/cmTC_d411d.dir/CheckSymbolExists.cxx.o' failed
make[1]: *** [CMakeFiles/cmTC_d411d.dir/CheckSymbolExists.cxx.o] Error 1
make[1]: Leaving directory '/mnt/shared/qtDemo/build/CMakeFiles/CMakeTmp'
Makefile:126: recipe for target 'cmTC_d411d/fast' failed
make: *** [cmTC_d411d/fast] Error 2

File /mnt/shared/qtDemo/build/CMakeFiles/CMakeTmp/CheckSymbolExists.cxx:
/* */
#include <QtCore/qglobal.h>

int main(int argc, char** argv)
{
  (void)argv;
#ifndef Q_WS_QWS
  return ((int*)(&Q_WS_QWS))[argc];
#else
  (void)argc;
  return 0;
#endif
}

Determining if the Q_WS_MAC exist failed with the following output:
Change Dir: /mnt/shared/qtDemo/build/CMakeFiles/CMakeTmp

Run Build Command:"/usr/bin/make" "cmTC_ac70a/fast"
/usr/bin/make -f CMakeFiles/cmTC_ac70a.dir/build.make CMakeFiles/cmTC_ac70a.dir/build
make[1]: Entering directory '/mnt/shared/qtDemo/build/CMakeFiles/CMakeTmp'
Building CXX object CMakeFiles/cmTC_ac70a.dir/CheckSymbolExists.cxx.o
/usr/bin/c++    -I/usr/local/Trolltech/Qt-4.8.6/include   -o CMakeFiles/cmTC_ac70a.dir/CheckSymbolExists.cxx.o -c /mnt/shared/qtDemo/build/CMakeFiles/CMakeTmp/CheckSymbolExists.cxx
/mnt/shared/qtDemo/build/CMakeFiles/CMakeTmp/CheckSymbolExists.cxx: In function ‘int main(int, char**)’:
/mnt/shared/qtDemo/build/CMakeFiles/CMakeTmp/CheckSymbolExists.cxx:8:19: error: ‘Q_WS_MAC’ was not declared in this scope
   return ((int*)(&Q_WS_MAC))[argc];
                   ^
CMakeFiles/cmTC_ac70a.dir/build.make:65: recipe for target 'CMakeFiles/cmTC_ac70a.dir/CheckSymbolExists.cxx.o' failed
make[1]: *** [CMakeFiles/cmTC_ac70a.dir/CheckSymbolExists.cxx.o] Error 1
make[1]: Leaving directory '/mnt/shared/qtDemo/build/CMakeFiles/CMakeTmp'
Makefile:126: recipe for target 'cmTC_ac70a/fast' failed
make: *** [cmTC_ac70a/fast] Error 2

File /mnt/shared/qtDemo/build/CMakeFiles/CMakeTmp/CheckSymbolExists.cxx:
/* */
#include <QtCore/qglobal.h>

int main(int argc, char** argv)
{
  (void)argv;
#ifndef Q_WS_MAC
  return ((int*)(&Q_WS_MAC))[argc];
#else
  (void)argc;
  return 0;
#endif
}

